<?xml version="1.0" encoding="UTF-8"?>
<!-- Generated by org.testng.reporters.JUnitReportReporter -->
<testsuite hostname="DESKTOP-86U2456" failures="0" tests="2" name="Madison_TestRunner.Madison_TestRunner" time="19.865" errors="0" timestamp="2023-10-08T23:34:34 EDT" skipped="0">
  <testcase classname="Madison_TestRunner.Madison_TestRunner" name="feature" time="12.115"/>
  <testcase classname="Madison_TestRunner.Madison_TestRunner" name="feature" time="7.750"/>
</testsuite> <!-- Madison_TestRunner.Madison_TestRunner -->
